Dec-06 13:59:55.671 [main] DEBUG nextflow.cli.Launcher - $> nextflow run . --project_id 169 --opt_run_id 199 --token afc75b46d4be4d456a2b169eeec2b3952663ab1ccff6043c82088dd20fbca62f --base_url 'https://mhs.ngrok.app/' -profile conda
Dec-06 13:59:55.726 [main] INFO  nextflow.cli.CmdRun - N E X T F L O W  ~  version 23.10.0
Dec-06 13:59:55.736 [main] DEBUG nextflow.plugin.PluginsFacade - Setting up plugin manager > mode=prod; embedded=false; plugins-dir=/Users/jakobzeitler/.nextflow/plugins; core-plugins: nf-amazon@2.1.4,nf-azure@1.3.2,nf-cloudcache@0.3.0,nf-codecommit@0.1.5,nf-console@1.0.6,nf-ga4gh@1.1.0,nf-google@1.8.3,nf-tower@1.6.3,nf-wave@1.0.0
Dec-06 13:59:55.743 [main] INFO  o.pf4j.DefaultPluginStatusProvider - Enabled plugins: []
Dec-06 13:59:55.743 [main] INFO  o.pf4j.DefaultPluginStatusProvider - Disabled plugins: []
Dec-06 13:59:55.745 [main] INFO  org.pf4j.DefaultPluginManager - PF4J version 3.4.1 in 'deployment' mode
Dec-06 13:59:55.752 [main] INFO  org.pf4j.AbstractPluginManager - No plugins
Dec-06 13:59:56.088 [main] DEBUG nextflow.config.ConfigBuilder - Found config local: /Users/jakobzeitler/Documents/GitHub/FR-OptApp/nextflow.config
Dec-06 13:59:56.088 [main] DEBUG nextflow.config.ConfigBuilder - Parsing config file: /Users/jakobzeitler/Documents/GitHub/FR-OptApp/nextflow.config
Dec-06 13:59:56.097 [main] DEBUG nextflow.config.ConfigBuilder - Applying config profile: `conda`
Dec-06 13:59:56.135 [main] DEBUG nextflow.config.ConfigBuilder - Available config profiles: [slurm, dockerarm64, conda, dockeramd64, wave]
Dec-06 13:59:56.151 [main] DEBUG nextflow.cli.CmdRun - Applied DSL=2 by global default
Dec-06 13:59:56.160 [main] INFO  nextflow.cli.CmdRun - Launching `./main.nf` [cheesy_jepsen] DSL2 - revision: cb98b5e9c4
Dec-06 13:59:56.160 [main] DEBUG nextflow.plugin.PluginsFacade - Plugins default=[]
Dec-06 13:59:56.160 [main] DEBUG nextflow.plugin.PluginsFacade - Plugins resolved requirement=[]
Dec-06 13:59:56.165 [main] DEBUG n.secret.LocalSecretsProvider - Secrets store: /Users/jakobzeitler/.nextflow/secrets/store.json
Dec-06 13:59:56.167 [main] DEBUG nextflow.secret.SecretsLoader - Discovered secrets providers: [nextflow.secret.LocalSecretsProvider@7fb48179] - activable => nextflow.secret.LocalSecretsProvider@7fb48179
Dec-06 13:59:56.202 [main] DEBUG nextflow.Session - Session UUID: 117b48cf-0f8b-45b8-b8f5-ca60b7329fb2
Dec-06 13:59:56.202 [main] DEBUG nextflow.Session - Run name: cheesy_jepsen
Dec-06 13:59:56.202 [main] DEBUG nextflow.Session - Executor pool size: 10
Dec-06 13:59:56.206 [main] DEBUG nextflow.file.FilePorter - File porter settings maxRetries=3; maxTransfers=50; pollTimeout=null
Dec-06 13:59:56.208 [main] DEBUG nextflow.util.ThreadPoolBuilder - Creating thread pool 'FileTransfer' minSize=10; maxSize=30; workQueue=LinkedBlockingQueue[10000]; allowCoreThreadTimeout=false
Dec-06 13:59:56.385 [main] DEBUG nextflow.cli.CmdRun - 
  Version: 23.10.0 build 5889
  Created: 15-10-2023 15:07 UTC (16:07 BST)
  System: Mac OS X 13.0.1
  Runtime: Groovy 3.0.19 on OpenJDK 64-Bit Server VM 20.0.1
  Encoding: UTF-8 (UTF-8)
  Process: 43945@Jakobs-MacBook-Pro.local [127.0.0.1]
  CPUs: 10 - Mem: 32 GB (2.5 GB) - Swap: 1 GB (983.9 MB)
Dec-06 13:59:56.394 [main] DEBUG nextflow.Session - Work-dir: /Users/jakobzeitler/Documents/GitHub/FR-OptApp/work [Mac OS X]
Dec-06 13:59:56.394 [main] DEBUG nextflow.Session - Script base path does not exist or is not a directory: /Users/jakobzeitler/Documents/GitHub/FR-OptApp/bin
Dec-06 13:59:56.404 [main] DEBUG nextflow.executor.ExecutorFactory - Extension executors providers=[]
Dec-06 13:59:56.415 [main] DEBUG nextflow.Session - Observer factory: DefaultObserverFactory
Dec-06 13:59:56.429 [main] DEBUG nextflow.cache.CacheFactory - Using Nextflow cache factory: nextflow.cache.DefaultCacheFactory
Dec-06 13:59:56.435 [main] DEBUG nextflow.util.CustomThreadPool - Creating default thread pool > poolSize: 11; maxThreads: 1000
Dec-06 13:59:56.475 [main] DEBUG nextflow.Session - Session start
Dec-06 13:59:56.599 [main] DEBUG nextflow.script.ScriptRunner - > Launching execution
Dec-06 13:59:56.677 [main] INFO  nextflow.Nextflow - 
    M L - H Y P E R O P T   P I P E L I N E
    =======================================
    fetch_dataset   : true
    base_url  : https://mhs.ngrok.app/
    token           : afc75b46d4be4d456a2b169eeec2b3952663ab1ccff6043c82088dd20fbca62f
    project_id    : 169
    opt_run_id    : 199

    outdir          : results
    
Dec-06 13:59:56.721 [main] DEBUG nextflow.executor.ExecutorFactory - << taskConfig executor: null
Dec-06 13:59:56.722 [main] DEBUG nextflow.executor.ExecutorFactory - >> processorType: 'local'
Dec-06 13:59:56.725 [main] DEBUG nextflow.executor.Executor - [warm up] executor > local
Dec-06 13:59:56.728 [main] DEBUG n.processor.LocalPollingMonitor - Creating local task monitor for executor 'local' > cpus=10; memory=32 GB; capacity=10; pollInterval=100ms; dumpInterval=5m
Dec-06 13:59:56.729 [main] DEBUG n.processor.TaskPollingMonitor - >>> barrier register (monitor: local)
Dec-06 13:59:56.746 [main] WARN  nextflow.processor.TaskProcessor - Output `tuple` must define at least two component -- Check process `fetch_dataset`
Dec-06 13:59:56.776 [main] DEBUG nextflow.Session - Workflow process names [dsl2]: fetch_dataset
Dec-06 13:59:56.776 [main] DEBUG nextflow.Session - Igniting dataflow network (1)
Dec-06 13:59:56.777 [main] DEBUG nextflow.processor.TaskProcessor - Starting process > fetch_dataset
Dec-06 13:59:56.777 [main] DEBUG nextflow.script.ScriptRunner - Parsed script files:
  Script_d0379e74e4e6fa56: /Users/jakobzeitler/Documents/GitHub/FR-OptApp/main.nf
  Script_7347cfc605c5df01: /Users/jakobzeitler/Documents/GitHub/FR-OptApp/./modules/fetch_dataset/main.nf
Dec-06 13:59:56.777 [main] DEBUG nextflow.script.ScriptRunner - > Awaiting termination 
Dec-06 13:59:56.777 [main] DEBUG nextflow.Session - Session await
Dec-06 13:59:56.840 [Actor Thread 5] DEBUG nextflow.conda.CondaCache - conda found local env for environment=/Users/jakobzeitler/Documents/GitHub/FR-OptApp/conda.yml; path=/Users/jakobzeitler/Documents/GitHub/FR-OptApp/conda_env/MSFlow-BoTorch-927a2b219137141cd0bbb505ccf81ac5
Dec-06 13:59:56.880 [Task submitter] DEBUG n.executor.local.LocalTaskHandler - Launch cmd line: /bin/bash -ue .command.run
Dec-06 13:59:56.881 [Task submitter] INFO  nextflow.Session - [da/204fbe] Submitted process > fetch_dataset (169)
Dec-06 14:00:01.195 [Task monitor] DEBUG n.processor.TaskPollingMonitor - Task completed > TaskHandler[id: 1; name: fetch_dataset (169); status: COMPLETED; exit: 0; error: -; workDir: /Users/jakobzeitler/Documents/GitHub/FR-OptApp/work/da/204fbeddd4847949f447e3d858ac76]
Dec-06 14:00:01.205 [main] DEBUG nextflow.Session - Session await > all processes finished
Dec-06 14:00:01.206 [Task monitor] DEBUG n.processor.TaskPollingMonitor - <<< barrier arrives (monitor: local) - terminating tasks monitor poll loop
Dec-06 14:00:01.206 [main] DEBUG nextflow.Session - Session await > all barriers passed
Dec-06 14:00:01.206 [main] INFO  nextflow.Nextflow - 
Done!
Dec-06 14:00:01.209 [main] DEBUG n.trace.WorkflowStatsObserver - Workflow completed > WorkflowStats[succeededCount=1; failedCount=0; ignoredCount=0; cachedCount=0; pendingCount=0; submittedCount=0; runningCount=0; retriesCount=0; abortedCount=0; succeedDuration=4.3s; failedDuration=0ms; cachedDuration=0ms;loadCpus=0; loadMemory=0; peakRunning=1; peakCpus=1; peakMemory=0; ]
Dec-06 14:00:01.415 [main] DEBUG nextflow.cache.CacheDB - Closing CacheDB done
Dec-06 14:00:01.430 [main] DEBUG nextflow.util.ThreadPoolManager - Thread pool 'FileTransfer' shutdown completed (hard=false)
Dec-06 14:00:01.430 [main] DEBUG nextflow.script.ScriptRunner - > Execution complete -- Goodbye
